app/build/intermediates/manifest_merge_blame_file/debug/manifest-merger-blame-debug-report.txt
1<?xml version="1.0" encoding="utf-8"?>
2<manifest xmlns:android="http://schemas.android.com/apk/res/android"
3    package="com.pfe.jobfinder"
4    android:versionCode="1"
5    android:versionName="1.0" >
6
7    <uses-sdk
8        android:minSdkVersion="24"
8-->src\main\AndroidManifest.xml
9        android:targetSdkVersion="33" />
9-->src\main\AndroidManifest.xml
10
11    <uses-permission android:name="android.permission.INTERNET" />
11-->src\main\AndroidManifest.xml:5:5-67
11-->src\main\AndroidManifest.xml:5:22-64
12    <uses-permission android:name="android.permission.READ_EXTERNAL_STORAGE" />
12-->src\main\AndroidManifest.xml:6:5-80
12-->src\main\AndroidManifest.xml:6:22-77
13    <uses-permission android:name="android.permission.WRITE_EXTERNAL_STORAGE" />
13-->src\main\AndroidManifest.xml:7:5-81
13-->src\main\AndroidManifest.xml:7:22-78
14    <uses-permission android:name="android.permission.CAMERA" />
14-->src\main\AndroidManifest.xml:8:5-65
14-->src\main\AndroidManifest.xml:8:22-62
15    <uses-permission android:name="android.permission.ACCESS_NETWORK_STATE" />
15-->[com.google.firebase:firebase-auth:21.0.1] AndroidManifest.xml:24:5-79
15-->[com.google.firebase:firebase-auth:21.0.1] AndroidManifest.xml:24:22-76
16
17    <permission
17-->[androidx.core:core:1.9.0] AndroidManifest.xml:22:5-24:47
18        android:name="com.pfe.jobfinder.DYNAMIC_RECEIVER_NOT_EXPORTED_PERMISSION"
18-->[androidx.core:core:1.9.0] AndroidManifest.xml:23:9-81
19        android:protectionLevel="signature" />
19-->[androidx.core:core:1.9.0] AndroidManifest.xml:24:9-44
20
21    <uses-permission android:name="com.pfe.jobfinder.DYNAMIC_RECEIVER_NOT_EXPORTED_PERMISSION" />
21-->[androidx.core:core:1.9.0] AndroidManifest.xml:26:5-97
21-->[androidx.core:core:1.9.0] AndroidManifest.xml:26:22-94
22
23    <application
23-->src\main\AndroidManifest.xml:10:5-55:19
24        android:allowBackup="true"
24-->src\main\AndroidManifest.xml:11:9-35
25        android:appComponentFactory="androidx.core.app.CoreComponentFactory"
25-->[androidx.core:core:1.9.0] AndroidManifest.xml:28:18-86
26        android:dataExtractionRules="@xml/data_extraction_rules"
26-->src\main\AndroidManifest.xml:12:9-65
27        android:debuggable="true"
28        android:extractNativeLibs="false"
29        android:fullBackupContent="@xml/backup_rules"
29-->src\main\AndroidManifest.xml:13:9-54
30        android:icon="@mipmap/ic_launcher"
30-->src\main\AndroidManifest.xml:14:9-43
31        android:label="@string/app_name"
31-->src\main\AndroidManifest.xml:15:9-41
32        android:supportsRtl="true"
32-->src\main\AndroidManifest.xml:16:9-35
33        android:theme="@style/Theme.Design.NoActionBar" >
33-->src\main\AndroidManifest.xml:17:9-56
34        <activity
34-->src\main\AndroidManifest.xml:19:9-21:40
35            android:name="com.pfe.jobfinder.ProfileActivity"
35-->src\main\AndroidManifest.xml:20:13-44
36            android:exported="false" />
36-->src\main\AndroidManifest.xml:21:13-37
37        <activity
37-->src\main\AndroidManifest.xml:22:9-24:40
38            android:name="com.pfe.jobfinder.RecoverPasswordActivity"
38-->src\main\AndroidManifest.xml:23:13-52
39            android:exported="false" />
39-->src\main\AndroidManifest.xml:24:13-37
40        <activity
40-->src\main\AndroidManifest.xml:25:9-27:40
41            android:name="com.pfe.jobfinder.DetailsActivity"
41-->src\main\AndroidManifest.xml:26:13-44
42            android:exported="false" />
42-->src\main\AndroidManifest.xml:27:13-37
43        <activity
43-->src\main\AndroidManifest.xml:28:9-30:40
44            android:name="com.pfe.jobfinder.SetupActivity"
44-->src\main\AndroidManifest.xml:29:13-42
45            android:exported="false" />
45-->src\main\AndroidManifest.xml:30:13-37
46        <activity
46-->src\main\AndroidManifest.xml:31:9-33:40
47            android:name="com.pfe.jobfinder.RegisterActivity"
47-->src\main\AndroidManifest.xml:32:13-45
48            android:exported="false" />
48-->src\main\AndroidManifest.xml:33:13-37
49        <activity
49-->src\main\AndroidManifest.xml:34:9-36:40
50            android:name="com.pfe.jobfinder.LoginActivity"
50-->src\main\AndroidManifest.xml:35:13-42
51            android:exported="false" />
51-->src\main\AndroidManifest.xml:36:13-37
52        <activity
52-->src\main\AndroidManifest.xml:37:9-47:20
53            android:name="com.pfe.jobfinder.MainActivity"
53-->src\main\AndroidManifest.xml:38:13-41
54            android:exported="true"
54-->src\main\AndroidManifest.xml:39:13-36
55            android:label="Job Finder"
55-->src\main\AndroidManifest.xml:40:13-39
56            android:theme="@style/Theme.Design.NoActionBar" >
56-->src\main\AndroidManifest.xml:41:13-60
57            <intent-filter>
57-->src\main\AndroidManifest.xml:42:13-46:29
58                <action android:name="android.intent.action.MAIN" />
58-->src\main\AndroidManifest.xml:43:17-69
58-->src\main\AndroidManifest.xml:43:25-66
59
60                <category android:name="android.intent.category.LAUNCHER" />
60-->src\main\AndroidManifest.xml:45:17-77
60-->src\main\AndroidManifest.xml:45:27-74
61            </intent-filter>
62        </activity>
63        <activity
63-->src\main\AndroidManifest.xml:48:9-50:59
64            android:name="com.theartofdev.edmodo.cropper.CropImageActivity"
64-->src\main\AndroidManifest.xml:49:13-76
65            android:theme="@style/Base.Theme.AppCompat" />
65-->src\main\AndroidManifest.xml:50:13-56
66
67        <meta-data
67-->src\main\AndroidManifest.xml:52:9-54:57
68            android:name="preloaded_fonts"
68-->src\main\AndroidManifest.xml:53:13-43
69            android:resource="@array/preloaded_fonts" />
69-->src\main\AndroidManifest.xml:54:13-54
70
71        <activity
71-->[com.google.firebase:firebase-auth:21.0.1] AndroidManifest.xml:27:9-44:20
72            android:name="com.google.firebase.auth.internal.GenericIdpActivity"
72-->[com.google.firebase:firebase-auth:21.0.1] AndroidManifest.xml:28:13-80
73            android:excludeFromRecents="true"
73-->[com.google.firebase:firebase-auth:21.0.1] AndroidManifest.xml:29:13-46
74            android:exported="true"
74-->[com.google.firebase:firebase-auth:21.0.1] AndroidManifest.xml:30:13-36
75            android:launchMode="singleTask"
75-->[com.google.firebase:firebase-auth:21.0.1] AndroidManifest.xml:31:13-44
76            android:theme="@android:style/Theme.Translucent.NoTitleBar" >
76-->[com.google.firebase:firebase-auth:21.0.1] AndroidManifest.xml:32:13-72
77            <intent-filter>
77-->[com.google.firebase:firebase-auth:21.0.1] AndroidManifest.xml:33:13-43:29
78                <action android:name="android.intent.action.VIEW" />
78-->[com.google.firebase:firebase-auth:21.0.1] AndroidManifest.xml:34:17-69
78-->[com.google.firebase:firebase-auth:21.0.1] AndroidManifest.xml:34:25-66
79
80                <category android:name="android.intent.category.DEFAULT" />
80-->[com.google.firebase:firebase-auth:21.0.1] AndroidManifest.xml:36:17-76
80-->[com.google.firebase:firebase-auth:21.0.1] AndroidManifest.xml:36:27-73
81                <category android:name="android.intent.category.BROWSABLE" />
81-->[com.google.firebase:firebase-auth:21.0.1] AndroidManifest.xml:37:17-78
81-->[com.google.firebase:firebase-auth:21.0.1] AndroidManifest.xml:37:27-75
82
83                <data
83-->[com.google.firebase:firebase-auth:21.0.1] AndroidManifest.xml:39:17-42:51
84                    android:host="firebase.auth"
84-->[com.google.firebase:firebase-auth:21.0.1] AndroidManifest.xml:40:21-49
85                    android:path="/"
85-->[com.google.firebase:firebase-auth:21.0.1] AndroidManifest.xml:41:21-37
86                    android:scheme="genericidp" />
86-->[com.google.firebase:firebase-auth:21.0.1] AndroidManifest.xml:42:21-48
87            </intent-filter>
88        </activity>
89        <activity
89-->[com.google.firebase:firebase-auth:21.0.1] AndroidManifest.xml:45:9-62:20
90            android:name="com.google.firebase.auth.internal.RecaptchaActivity"
90-->[com.google.firebase:firebase-auth:21.0.1] AndroidManifest.xml:46:13-79
91            android:excludeFromRecents="true"
91-->[com.google.firebase:firebase-auth:21.0.1] AndroidManifest.xml:47:13-46
92            android:exported="true"
92-->[com.google.firebase:firebase-auth:21.0.1] AndroidManifest.xml:48:13-36
93            android:launchMode="singleTask"
93-->[com.google.firebase:firebase-auth:21.0.1] AndroidManifest.xml:49:13-44
94            android:theme="@android:style/Theme.Translucent.NoTitleBar" >
94-->[com.google.firebase:firebase-auth:21.0.1] AndroidManifest.xml:50:13-72
95            <intent-filter>
95-->[com.google.firebase:firebase-auth:21.0.1] AndroidManifest.xml:51:13-61:29
96                <action android:name="android.intent.action.VIEW" />
96-->[com.google.firebase:firebase-auth:21.0.1] AndroidManifest.xml:34:17-69
96-->[com.google.firebase:firebase-auth:21.0.1] AndroidManifest.xml:34:25-66
97
98                <category android:name="android.intent.category.DEFAULT" />
98-->[com.google.firebase:firebase-auth:21.0.1] AndroidManifest.xml:36:17-76
98-->[com.google.firebase:firebase-auth:21.0.1] AndroidManifest.xml:36:27-73
99                <category android:name="android.intent.category.BROWSABLE" />
99-->[com.google.firebase:firebase-auth:21.0.1] AndroidManifest.xml:37:17-78
99-->[com.google.firebase:firebase-auth:21.0.1] AndroidManifest.xml:37:27-75
100
101                <data
101-->[com.google.firebase:firebase-auth:21.0.1] AndroidManifest.xml:39:17-42:51
102                    android:host="firebase.auth"
102-->[com.google.firebase:firebase-auth:21.0.1] AndroidManifest.xml:40:21-49
103                    android:path="/"
103-->[com.google.firebase:firebase-auth:21.0.1] AndroidManifest.xml:41:21-37
104                    android:scheme="recaptcha" />
104-->[com.google.firebase:firebase-auth:21.0.1] AndroidManifest.xml:42:21-48
105            </intent-filter>
106        </activity>
107
108        <service
108-->[com.google.firebase:firebase-auth:21.0.1] AndroidManifest.xml:64:9-73:19
109            android:name="com.google.firebase.auth.api.fallback.service.FirebaseAuthFallbackService"
109-->[com.google.firebase:firebase-auth:21.0.1] AndroidManifest.xml:65:13-101
110            android:enabled="true"
110-->[com.google.firebase:firebase-auth:21.0.1] AndroidManifest.xml:66:13-35
111            android:exported="false" >
111-->[com.google.firebase:firebase-auth:21.0.1] AndroidManifest.xml:67:13-37
112            <intent-filter>
112-->[com.google.firebase:firebase-auth:21.0.1] AndroidManifest.xml:68:13-72:29
113                <action android:name="com.google.firebase.auth.api.gms.service.START" />
113-->[com.google.firebase:firebase-auth:21.0.1] AndroidManifest.xml:69:17-89
113-->[com.google.firebase:firebase-auth:21.0.1] AndroidManifest.xml:69:25-86
114
115                <category android:name="android.intent.category.DEFAULT" />
115-->[com.google.firebase:firebase-auth:21.0.1] AndroidManifest.xml:36:17-76
115-->[com.google.firebase:firebase-auth:21.0.1] AndroidManifest.xml:36:27-73
116            </intent-filter>
117        </service>
118        <service
118-->[com.google.firebase:firebase-auth:21.0.1] AndroidManifest.xml:74:9-80:19
119            android:name="com.google.firebase.components.ComponentDiscoveryService"
119-->[com.google.firebase:firebase-auth:21.0.1] AndroidManifest.xml:75:13-84
120            android:directBootAware="true"
120-->[com.google.firebase:firebase-common:20.0.0] AndroidManifest.xml:35:13-43
121            android:exported="false" >
121-->[com.google.firebase:firebase-auth:21.0.1] AndroidManifest.xml:76:13-37
122            <meta-data
122-->[com.google.firebase:firebase-auth:21.0.1] AndroidManifest.xml:77:13-79:85
123                android:name="com.google.firebase.components:com.google.firebase.auth.FirebaseAuthRegistrar"
123-->[com.google.firebase:firebase-auth:21.0.1] AndroidManifest.xml:78:17-109
124                android:value="com.google.firebase.components.ComponentRegistrar" />
124-->[com.google.firebase:firebase-auth:21.0.1] AndroidManifest.xml:79:17-82
125            <meta-data
125-->[com.google.firebase:firebase-storage:20.0.0] AndroidManifest.xml:33:13-35:85
126                android:name="com.google.firebase.components:com.google.firebase.storage.StorageRegistrar"
126-->[com.google.firebase:firebase-storage:20.0.0] AndroidManifest.xml:34:17-107
127                android:value="com.google.firebase.components.ComponentRegistrar" />
127-->[com.google.firebase:firebase-storage:20.0.0] AndroidManifest.xml:35:17-82
128            <meta-data
128-->[com.google.firebase:firebase-firestore:23.0.1] AndroidManifest.xml:20:13-22:85
129                android:name="com.google.firebase.components:com.google.firebase.firestore.FirestoreRegistrar"
129-->[com.google.firebase:firebase-firestore:23.0.1] AndroidManifest.xml:21:17-111
130                android:value="com.google.firebase.components.ComponentRegistrar" />
130-->[com.google.firebase:firebase-firestore:23.0.1] AndroidManifest.xml:22:17-82
131            <meta-data
131-->[com.google.firebase:firebase-database:20.0.0] AndroidManifest.xml:32:13-34:85
132                android:name="com.google.firebase.components:com.google.firebase.database.DatabaseRegistrar"
132-->[com.google.firebase:firebase-database:20.0.0] AndroidManifest.xml:33:17-109
133                android:value="com.google.firebase.components.ComponentRegistrar" />
133-->[com.google.firebase:firebase-database:20.0.0] AndroidManifest.xml:34:17-82
134        </service>
135
136        <provider
136-->[com.squareup.picasso:picasso:2.71828] AndroidManifest.xml:8:9-11:40
137            android:name="com.squareup.picasso.PicassoProvider"
137-->[com.squareup.picasso:picasso:2.71828] AndroidManifest.xml:9:13-64
138            android:authorities="com.pfe.jobfinder.com.squareup.picasso"
138-->[com.squareup.picasso:picasso:2.71828] AndroidManifest.xml:10:13-72
139            android:exported="false" />
139-->[com.squareup.picasso:picasso:2.71828] AndroidManifest.xml:11:13-37
140
141        <activity
141-->[com.google.android.gms:play-services-base:17.1.0] AndroidManifest.xml:23:9-26:75
142            android:name="com.google.android.gms.common.api.GoogleApiActivity"
142-->[com.google.android.gms:play-services-base:17.1.0] AndroidManifest.xml:24:13-79
143            android:exported="false"
143-->[com.google.android.gms:play-services-base:17.1.0] AndroidManifest.xml:25:13-37
144            android:theme="@android:style/Theme.Translucent.NoTitleBar" />
144-->[com.google.android.gms:play-services-base:17.1.0] AndroidManifest.xml:26:13-72
145
146        <provider
146-->[com.google.firebase:firebase-common:20.0.0] AndroidManifest.xml:26:9-31:39
147            android:name="com.google.firebase.provider.FirebaseInitProvider"
147-->[com.google.firebase:firebase-common:20.0.0] AndroidManifest.xml:27:13-77
148            android:authorities="com.pfe.jobfinder.firebaseinitprovider"
148-->[com.google.firebase:firebase-common:20.0.0] AndroidManifest.xml:28:13-72
149            android:directBootAware="true"
149-->[com.google.firebase:firebase-common:20.0.0] AndroidManifest.xml:29:13-43
150            android:exported="false"
150-->[com.google.firebase:firebase-common:20.0.0] AndroidManifest.xml:30:13-37
151            android:initOrder="100" />
151-->[com.google.firebase:firebase-common:20.0.0] AndroidManifest.xml:31:13-36
152
153        <meta-data
153-->[com.google.android.gms:play-services-basement:17.1.0] AndroidManifest.xml:23:9-25:69
154            android:name="com.google.android.gms.version"
154-->[com.google.android.gms:play-services-basement:17.1.0] AndroidManifest.xml:24:13-58
155            android:value="@integer/google_play_services_version" />
155-->[com.google.android.gms:play-services-basement:17.1.0] AndroidManifest.xml:25:13-66
156
157        <provider
157-->[androidx.emoji2:emoji2:1.2.0] AndroidManifest.xml:24:9-32:20
158            android:name="androidx.startup.InitializationProvider"
158-->[androidx.emoji2:emoji2:1.2.0] AndroidManifest.xml:25:13-67
159            android:authorities="com.pfe.jobfinder.androidx-startup"
159-->[androidx.emoji2:emoji2:1.2.0] AndroidManifest.xml:26:13-68
160            android:exported="false" >
160-->[androidx.emoji2:emoji2:1.2.0] AndroidManifest.xml:27:13-37
161            <meta-data
161-->[androidx.emoji2:emoji2:1.2.0] AndroidManifest.xml:29:13-31:52
162                android:name="androidx.emoji2.text.EmojiCompatInitializer"
162-->[androidx.emoji2:emoji2:1.2.0] AndroidManifest.xml:30:17-75
163                android:value="androidx.startup" />
163-->[androidx.emoji2:emoji2:1.2.0] AndroidManifest.xml:31:17-49
164            <meta-data
164-->[androidx.lifecycle:lifecycle-process:2.4.1] AndroidManifest.xml:31:13-33:52
165                android:name="androidx.lifecycle.ProcessLifecycleInitializer"
165-->[androidx.lifecycle:lifecycle-process:2.4.1] AndroidManifest.xml:32:17-78
166                android:value="androidx.startup" />
166-->[androidx.lifecycle:lifecycle-process:2.4.1] AndroidManifest.xml:33:17-49
167        </provider>
168    </application>
169
170</manifest>